[2023-11-25T10:30:23.217+0000] {taskinstance.py:1159} INFO - Dependencies all met for dep_context=non-requeueable deps ti=<TaskInstance: col_api_etl.extract_currency_conversion_rates manual__2023-11-25T10:30:17.600607+00:00 [queued]>
[2023-11-25T10:30:23.227+0000] {taskinstance.py:1159} INFO - Dependencies all met for dep_context=requeueable deps ti=<TaskInstance: col_api_etl.extract_currency_conversion_rates manual__2023-11-25T10:30:17.600607+00:00 [queued]>
[2023-11-25T10:30:23.227+0000] {taskinstance.py:1361} INFO - Starting attempt 1 of 2
[2023-11-25T10:30:23.242+0000] {taskinstance.py:1382} INFO - Executing <Task(PythonOperator): extract_currency_conversion_rates> on 2023-11-25 10:30:17.600607+00:00
[2023-11-25T10:30:23.248+0000] {clientserver.py:543} INFO - Closing down clientserver connection
[2023-11-25T10:30:23.252+0000] {clientserver.py:538} INFO - Error while receiving.
Traceback (most recent call last):
  File "/home/airflow/.local/lib/python3.8/site-packages/py4j/clientserver.py", line 511, in send_command
    answer = smart_decode(self.stream.readline()[:-1])
  File "/usr/local/lib/python3.8/socket.py", line 669, in readinto
    return self._sock.recv_into(b)
ConnectionResetError: [Errno 104] Connection reset by peer
[2023-11-25T10:30:23.255+0000] {clientserver.py:543} INFO - Closing down clientserver connection
[2023-11-25T10:30:23.255+0000] {java_gateway.py:1055} ERROR - Exception while sending command.
Traceback (most recent call last):
  File "/home/airflow/.local/lib/python3.8/site-packages/py4j/clientserver.py", line 511, in send_command
    answer = smart_decode(self.stream.readline()[:-1])
  File "/usr/local/lib/python3.8/socket.py", line 669, in readinto
    return self._sock.recv_into(b)
ConnectionResetError: [Errno 104] Connection reset by peer

During handling of the above exception, another exception occurred:

Traceback (most recent call last):
  File "/home/airflow/.local/lib/python3.8/site-packages/py4j/java_gateway.py", line 1038, in send_command
    response = connection.send_command(command)
  File "/home/airflow/.local/lib/python3.8/site-packages/py4j/clientserver.py", line 539, in send_command
    raise Py4JNetworkError(
py4j.protocol.Py4JNetworkError: Error while sending or receiving
[2023-11-25T10:30:23.256+0000] {clientserver.py:543} INFO - Closing down clientserver connection
[2023-11-25T10:30:23.248+0000] {standard_task_runner.py:57} INFO - Started process 11122 to run task
[2023-11-25T10:30:23.255+0000] {standard_task_runner.py:84} INFO - Running: ['***', 'tasks', 'run', 'col_api_etl', 'extract_currency_conversion_rates', 'manual__2023-11-25T10:30:17.600607+00:00', '--job-id', '68', '--raw', '--subdir', 'DAGS_FOLDER/col_api_etl.py', '--cfg-path', '/tmp/tmpytll4u84']
[2023-11-25T10:30:23.257+0000] {standard_task_runner.py:85} INFO - Job 68: Subtask extract_currency_conversion_rates
[2023-11-25T10:30:23.330+0000] {task_command.py:415} INFO - Running <TaskInstance: col_api_etl.extract_currency_conversion_rates manual__2023-11-25T10:30:17.600607+00:00 [running]> on host 9b6b24afef42
[2023-11-25T10:30:23.436+0000] {taskinstance.py:1660} INFO - Exporting env vars: AIRFLOW_CTX_DAG_OWNER='***' AIRFLOW_CTX_DAG_ID='col_api_etl' AIRFLOW_CTX_TASK_ID='extract_currency_conversion_rates' AIRFLOW_CTX_EXECUTION_DATE='2023-11-25T10:30:17.600607+00:00' AIRFLOW_CTX_TRY_NUMBER='1' AIRFLOW_CTX_DAG_RUN_ID='manual__2023-11-25T10:30:17.600607+00:00'
[2023-11-25T10:30:25.185+0000] {python.py:194} INFO - Done. Returned value was: None
[2023-11-25T10:30:25.202+0000] {taskinstance.py:1400} INFO - Marking task as SUCCESS. dag_id=col_api_etl, task_id=extract_currency_conversion_rates, execution_date=20231125T103017, start_date=20231125T103023, end_date=20231125T103025
[2023-11-25T10:30:25.246+0000] {local_task_job_runner.py:228} INFO - Task exited with return code 0
