[2023-11-04T01:10:32.862+0000] {logging_mixin.py:151} INFO - Changing /opt/***/logs/dag_id=col_api_etl/run_id=manual__2023-11-04T01:10:17.193764+00:00/task_id=extract_numbeo_prices_from_city permission to 509
[2023-11-04T01:10:32.863+0000] {logging_mixin.py:151} INFO - Failed to change /opt/***/logs/dag_id=col_api_etl/run_id=manual__2023-11-04T01:10:17.193764+00:00/task_id=extract_numbeo_prices_from_city permission to 509: [Errno 1] Operation not permitted: '/opt/***/logs/dag_id=col_api_etl/run_id=manual__2023-11-04T01:10:17.193764+00:00/task_id=extract_numbeo_prices_from_city'
[2023-11-04T01:10:32.895+0000] {logging_mixin.py:151} INFO - Changing /opt/***/logs/dag_id=col_api_etl/run_id=manual__2023-11-04T01:10:17.193764+00:00/task_id=extract_numbeo_prices_from_city permission to 509
[2023-11-04T01:10:32.896+0000] {logging_mixin.py:151} INFO - Failed to change /opt/***/logs/dag_id=col_api_etl/run_id=manual__2023-11-04T01:10:17.193764+00:00/task_id=extract_numbeo_prices_from_city permission to 509: [Errno 1] Operation not permitted: '/opt/***/logs/dag_id=col_api_etl/run_id=manual__2023-11-04T01:10:17.193764+00:00/task_id=extract_numbeo_prices_from_city'
[2023-11-04T01:10:32.947+0000] {taskinstance.py:1159} INFO - Dependencies all met for dep_context=non-requeueable deps ti=<TaskInstance: col_api_etl.extract_numbeo_prices_from_city manual__2023-11-04T01:10:17.193764+00:00 [queued]>
[2023-11-04T01:10:32.961+0000] {taskinstance.py:1159} INFO - Dependencies all met for dep_context=requeueable deps ti=<TaskInstance: col_api_etl.extract_numbeo_prices_from_city manual__2023-11-04T01:10:17.193764+00:00 [queued]>
[2023-11-04T01:10:32.962+0000] {taskinstance.py:1361} INFO - Starting attempt 1 of 1
[2023-11-04T01:10:32.977+0000] {taskinstance.py:1382} INFO - Executing <Task(PythonOperator): extract_numbeo_prices_from_city> on 2023-11-04 01:10:17.193764+00:00
[2023-11-04T01:10:32.983+0000] {standard_task_runner.py:57} INFO - Started process 8075 to run task
[2023-11-04T01:10:32.983+0000] {clientserver.py:543} INFO - Closing down clientserver connection
[2023-11-04T01:10:32.988+0000] {standard_task_runner.py:84} INFO - Running: ['***', 'tasks', 'run', 'col_api_etl', 'extract_numbeo_prices_from_city', 'manual__2023-11-04T01:10:17.193764+00:00', '--job-id', '1239', '--raw', '--subdir', 'DAGS_FOLDER/col_api_etl.py', '--cfg-path', '/tmp/tmpm_hbgg_t']
[2023-11-04T01:10:32.990+0000] {standard_task_runner.py:85} INFO - Job 1239: Subtask extract_numbeo_prices_from_city
[2023-11-04T01:10:33.036+0000] {logging_mixin.py:151} INFO - Changing /opt/***/logs/dag_id=col_api_etl/run_id=manual__2023-11-04T01:10:17.193764+00:00/task_id=extract_numbeo_prices_from_city permission to 509
[2023-11-04T01:10:33.036+0000] {logging_mixin.py:151} INFO - Failed to change /opt/***/logs/dag_id=col_api_etl/run_id=manual__2023-11-04T01:10:17.193764+00:00/task_id=extract_numbeo_prices_from_city permission to 509: [Errno 1] Operation not permitted: '/opt/***/logs/dag_id=col_api_etl/run_id=manual__2023-11-04T01:10:17.193764+00:00/task_id=extract_numbeo_prices_from_city'
[2023-11-04T01:10:33.039+0000] {task_command.py:415} INFO - Running <TaskInstance: col_api_etl.extract_numbeo_prices_from_city manual__2023-11-04T01:10:17.193764+00:00 [running]> on host 65ec58942685
[2023-11-04T01:10:33.119+0000] {taskinstance.py:1660} INFO - Exporting env vars: AIRFLOW_CTX_DAG_OWNER='***' AIRFLOW_CTX_DAG_ID='col_api_etl' AIRFLOW_CTX_TASK_ID='extract_numbeo_prices_from_city' AIRFLOW_CTX_EXECUTION_DATE='2023-11-04T01:10:17.193764+00:00' AIRFLOW_CTX_TRY_NUMBER='1' AIRFLOW_CTX_DAG_RUN_ID='manual__2023-11-04T01:10:17.193764+00:00'
[2023-11-04T01:10:33.537+0000] {clientserver.py:505} INFO - Error while sending or receiving.
Traceback (most recent call last):
  File "/home/airflow/.local/lib/python3.8/site-packages/py4j/clientserver.py", line 503, in send_command
    self.socket.sendall(command.encode("utf-8"))
ConnectionResetError: [Errno 104] Connection reset by peer
[2023-11-04T01:10:33.539+0000] {clientserver.py:543} INFO - Closing down clientserver connection
[2023-11-04T01:10:33.540+0000] {java_gateway.py:1052} INFO - Exception while sending command.
Traceback (most recent call last):
  File "/home/airflow/.local/lib/python3.8/site-packages/py4j/clientserver.py", line 503, in send_command
    self.socket.sendall(command.encode("utf-8"))
ConnectionResetError: [Errno 104] Connection reset by peer

During handling of the above exception, another exception occurred:

Traceback (most recent call last):
  File "/home/airflow/.local/lib/python3.8/site-packages/py4j/java_gateway.py", line 1038, in send_command
    response = connection.send_command(command)
  File "/home/airflow/.local/lib/python3.8/site-packages/py4j/clientserver.py", line 506, in send_command
    raise Py4JNetworkError(
py4j.protocol.Py4JNetworkError: Error while sending
[2023-11-04T01:10:33.544+0000] {clientserver.py:543} INFO - Closing down clientserver connection
[2023-11-04T01:10:34.697+0000] {logging_mixin.py:151} INFO - Dubai
[2023-11-04T01:10:36.392+0000] {logging_mixin.py:151} INFO - Abu-Dhabi
[2023-11-04T01:10:38.024+0000] {logging_mixin.py:151} INFO - Sharjah
[2023-11-04T01:10:39.466+0000] {logging_mixin.py:151} INFO - Perth
[2023-11-04T01:10:41.097+0000] {logging_mixin.py:151} INFO - Melbourne
[2023-11-04T01:10:42.632+0000] {logging_mixin.py:151} INFO - Sydney
[2023-11-04T01:10:44.363+0000] {logging_mixin.py:151} INFO - Brisbane
[2023-11-04T01:10:46.043+0000] {logging_mixin.py:151} INFO - Hobart
[2023-11-04T01:10:47.312+0000] {logging_mixin.py:151} INFO - Adelaide
[2023-11-04T01:10:48.881+0000] {logging_mixin.py:151} INFO - Canberra
[2023-11-04T01:10:50.229+0000] {logging_mixin.py:151} INFO - Darwin
[2023-11-04T01:10:51.863+0000] {logging_mixin.py:151} INFO - Sarajevo
[2023-11-04T01:10:53.449+0000] {logging_mixin.py:151} INFO - Manama
[2023-11-04T01:10:54.723+0000] {logging_mixin.py:151} INFO - Sofia
[2023-11-04T01:10:56.647+0000] {logging_mixin.py:151} INFO - Sao-Paulo
[2023-11-04T01:10:58.450+0000] {logging_mixin.py:151} INFO - Rio-De-Janeiro
[2023-11-04T01:11:00.109+0000] {logging_mixin.py:151} INFO - Brasilia
[2023-11-04T01:11:01.490+0000] {logging_mixin.py:151} INFO - Toronto
[2023-11-04T01:11:03.463+0000] {logging_mixin.py:151} INFO - Montreal
[2023-11-04T01:11:05.346+0000] {logging_mixin.py:151} INFO - Vancouver
[2023-11-04T01:11:06.951+0000] {logging_mixin.py:151} INFO - Ottawa
[2023-11-04T01:11:08.959+0000] {logging_mixin.py:151} INFO - Calgary
[2023-11-04T01:11:10.608+0000] {logging_mixin.py:151} INFO - Edmonton
[2023-11-04T01:11:12.846+0000] {logging_mixin.py:151} INFO - Halifax
[2023-11-04T01:11:14.546+0000] {logging_mixin.py:151} INFO - Quebec-City
[2023-11-04T01:11:16.298+0000] {logging_mixin.py:151} INFO - Zurich
[2023-11-04T01:11:18.005+0000] {logging_mixin.py:151} INFO - Geneva
[2023-11-04T01:11:21.216+0000] {logging_mixin.py:151} INFO - Zug
[2023-11-04T01:11:22.929+0000] {logging_mixin.py:151} INFO - Basel
[2023-11-04T01:11:24.518+0000] {logging_mixin.py:151} INFO - Bern
[2023-11-04T01:11:25.889+0000] {logging_mixin.py:151} INFO - Lausanne
[2023-11-04T01:11:27.445+0000] {logging_mixin.py:151} INFO - Lugano
[2023-11-04T01:11:29.149+0000] {logging_mixin.py:151} INFO - Vaduz
[2023-11-04T01:11:30.376+0000] {logging_mixin.py:151} INFO - Santiago
[2023-11-04T01:11:31.899+0000] {logging_mixin.py:151} INFO - Chongqing
[2023-11-04T01:11:33.314+0000] {logging_mixin.py:151} INFO - Shanghai
[2023-11-04T01:11:34.912+0000] {logging_mixin.py:151} INFO - Beijing
[2023-11-04T01:11:36.844+0000] {logging_mixin.py:151} INFO - Chengdu
[2023-11-04T01:11:38.492+0000] {logging_mixin.py:151} INFO - Guangzhou
[2023-11-04T01:11:40.114+0000] {logging_mixin.py:151} INFO - Shenzhen
[2023-11-04T01:11:41.761+0000] {logging_mixin.py:151} INFO - Bogota
[2023-11-04T01:11:43.603+0000] {logging_mixin.py:151} INFO - Medellin
[2023-11-04T01:11:45.306+0000] {logging_mixin.py:151} INFO - Cali
[2023-11-04T01:11:46.950+0000] {logging_mixin.py:151} INFO - Cartagena
[2023-11-04T01:11:48.513+0000] {logging_mixin.py:151} INFO - San-Jose
[2023-11-04T01:11:50.305+0000] {logging_mixin.py:151} INFO - Prague
[2023-11-04T01:11:52.295+0000] {logging_mixin.py:151} INFO - Brno
[2023-11-04T01:11:53.901+0000] {logging_mixin.py:151} INFO - Ostrava
[2023-11-04T01:11:55.612+0000] {logging_mixin.py:151} INFO - Copenhagen
[2023-11-04T01:11:57.281+0000] {logging_mixin.py:151} INFO - Aarhus
[2023-11-04T01:11:58.982+0000] {logging_mixin.py:151} INFO - Aalborg
[2023-11-04T01:12:00.659+0000] {logging_mixin.py:151} INFO - Andorra-La-Vella
[2023-11-04T01:12:02.110+0000] {logging_mixin.py:151} INFO - Vienna
[2023-11-04T01:12:03.791+0000] {logging_mixin.py:151} INFO - Salzburg
[2023-11-04T01:12:05.202+0000] {logging_mixin.py:151} INFO - Graz
[2023-11-04T01:12:06.481+0000] {logging_mixin.py:151} INFO - Linz
[2023-11-04T01:12:07.816+0000] {logging_mixin.py:151} INFO - Innsbruck
[2023-11-04T01:12:09.180+0000] {logging_mixin.py:151} INFO - Brussels
[2023-11-04T01:12:10.827+0000] {logging_mixin.py:151} INFO - Antwerp
[2023-11-04T01:12:12.661+0000] {logging_mixin.py:151} INFO - Gent
[2023-11-04T01:12:14.235+0000] {logging_mixin.py:151} INFO - Liege
[2023-11-04T01:12:15.507+0000] {logging_mixin.py:151} INFO - Brugge
[2023-11-04T01:12:17.110+0000] {logging_mixin.py:151} INFO - Zagreb
[2023-11-04T01:12:18.939+0000] {logging_mixin.py:151} INFO - Split
[2023-11-04T01:12:20.553+0000] {logging_mixin.py:151} INFO - Dubrovnik
[2023-11-04T01:12:21.877+0000] {logging_mixin.py:151} INFO - Nicosia
[2023-11-04T01:12:23.218+0000] {logging_mixin.py:151} INFO - Tallinn
[2023-11-04T01:12:24.850+0000] {logging_mixin.py:151} INFO - Tartu
[2023-11-04T01:12:26.821+0000] {logging_mixin.py:151} INFO - Helsinki
[2023-11-04T01:12:28.606+0000] {logging_mixin.py:151} INFO - Turku
[2023-11-04T01:12:30.172+0000] {logging_mixin.py:151} INFO - Tampere
[2023-11-04T01:12:31.766+0000] {logging_mixin.py:151} INFO - Oulu
[2023-11-04T01:12:33.575+0000] {logging_mixin.py:151} INFO - Paris
[2023-11-04T01:12:35.169+0000] {logging_mixin.py:151} INFO - Marseille
[2023-11-04T01:12:36.800+0000] {logging_mixin.py:151} INFO - Lyon
[2023-11-04T01:12:38.410+0000] {logging_mixin.py:151} INFO - Toulouse
[2023-11-04T01:12:39.767+0000] {logging_mixin.py:151} INFO - Nice
[2023-11-04T01:12:41.763+0000] {logging_mixin.py:151} INFO - Nantes
[2023-11-04T01:12:43.192+0000] {logging_mixin.py:151} INFO - Montpellier
[2023-11-04T01:12:44.558+0000] {logging_mixin.py:151} INFO - Berlin
[2023-11-04T01:12:46.283+0000] {logging_mixin.py:151} INFO - Hamburg
[2023-11-04T01:12:47.948+0000] {logging_mixin.py:151} INFO - Munich
[2023-11-04T01:12:49.641+0000] {logging_mixin.py:151} INFO - Stuttgart
[2023-11-04T01:12:51.232+0000] {logging_mixin.py:151} INFO - Frankfurt
[2023-11-04T01:12:52.819+0000] {logging_mixin.py:151} INFO - Cologne
[2023-11-04T01:12:54.459+0000] {logging_mixin.py:151} INFO - Dusseldorf
[2023-11-04T01:12:55.954+0000] {logging_mixin.py:151} INFO - Hanover
[2023-11-04T01:12:57.628+0000] {logging_mixin.py:151} INFO - Dresden
[2023-11-04T01:12:59.254+0000] {logging_mixin.py:151} INFO - Leipzig
[2023-11-04T01:13:00.585+0000] {logging_mixin.py:151} INFO - Athens
[2023-11-04T01:13:02.306+0000] {logging_mixin.py:151} INFO - Crete
[2023-11-04T01:13:03.681+0000] {logging_mixin.py:151} INFO - Thessaloniki
[2023-11-04T01:13:05.522+0000] {logging_mixin.py:151} INFO - Dublin
[2023-11-04T01:13:07.247+0000] {logging_mixin.py:151} INFO - Cork
[2023-11-04T01:13:08.775+0000] {logging_mixin.py:151} INFO - Galway
[2023-11-04T01:13:10.556+0000] {logging_mixin.py:151} INFO - Limerick
[2023-11-04T01:13:12.073+0000] {logging_mixin.py:151} INFO - Rome
[2023-11-04T01:13:13.709+0000] {logging_mixin.py:151} INFO - Milan
[2023-11-04T01:13:15.404+0000] {logging_mixin.py:151} INFO - Naples
[2023-11-04T01:13:16.758+0000] {logging_mixin.py:151} INFO - Turin
[2023-11-04T01:13:18.104+0000] {logging_mixin.py:151} INFO - Palermo
[2023-11-04T01:13:19.413+0000] {logging_mixin.py:151} INFO - Genoa
[2023-11-04T01:13:20.735+0000] {logging_mixin.py:151} INFO - Bologna
[2023-11-04T01:13:22.397+0000] {logging_mixin.py:151} INFO - Florence
[2023-11-04T01:13:23.850+0000] {logging_mixin.py:151} INFO - Venice
[2023-11-04T01:13:25.462+0000] {logging_mixin.py:151} INFO - Riga
[2023-11-04T01:13:27.137+0000] {logging_mixin.py:151} INFO - Vilnius
[2023-11-04T01:13:28.840+0000] {logging_mixin.py:151} INFO - Luxembourg
[2023-11-04T01:13:30.502+0000] {logging_mixin.py:151} INFO - Valletta
[2023-11-04T01:13:31.891+0000] {logging_mixin.py:151} INFO - Podgorica
[2023-11-04T01:13:33.505+0000] {logging_mixin.py:151} INFO - Monaco
[2023-11-04T01:13:34.858+0000] {logging_mixin.py:151} INFO - Amsterdam
[2023-11-04T01:13:36.595+0000] {logging_mixin.py:151} INFO - Rotterdam
[2023-11-04T01:13:38.509+0000] {logging_mixin.py:151} INFO - Eindhoven
[2023-11-04T01:13:40.174+0000] {logging_mixin.py:151} INFO - The-Hague
[2023-11-04T01:13:41.876+0000] {logging_mixin.py:151} INFO - Groningen
[2023-11-04T01:13:43.588+0000] {logging_mixin.py:151} INFO - Tilburg
[2023-11-04T01:13:45.199+0000] {logging_mixin.py:151} INFO - Lisbon
[2023-11-04T01:13:46.877+0000] {logging_mixin.py:151} INFO - Porto
[2023-11-04T01:13:48.129+0000] {logging_mixin.py:151} INFO - Braga
[2023-11-04T01:13:49.421+0000] {logging_mixin.py:151} INFO - Funchal
[2023-11-04T01:13:51.129+0000] {logging_mixin.py:151} INFO - San-Marino
[2023-11-04T01:13:52.668+0000] {logging_mixin.py:151} INFO - Bratislava
[2023-11-04T01:13:54.342+0000] {logging_mixin.py:151} INFO - Ljubljana
[2023-11-04T01:13:55.978+0000] {logging_mixin.py:151} INFO - Madrid
[2023-11-04T01:13:57.615+0000] {logging_mixin.py:151} INFO - Barcelona
[2023-11-04T01:13:59.245+0000] {logging_mixin.py:151} INFO - Santa-Cruz-De-Tenerife
[2023-11-04T01:14:00.871+0000] {logging_mixin.py:151} INFO - Valencia
[2023-11-04T01:14:02.511+0000] {logging_mixin.py:151} INFO - Seville
[2023-11-04T01:14:04.258+0000] {logging_mixin.py:151} INFO - Zaragoza
[2023-11-04T01:14:05.810+0000] {logging_mixin.py:151} INFO - Malaga
[2023-11-04T01:14:07.533+0000] {logging_mixin.py:151} INFO - Bilbao
[2023-11-04T01:14:09.134+0000] {logging_mixin.py:151} INFO - Alicante
[2023-11-04T01:14:10.700+0000] {logging_mixin.py:151} INFO - Las-Palmas
[2023-11-04T01:14:12.362+0000] {logging_mixin.py:151} INFO - Tbilisi
[2023-11-04T01:14:14.398+0000] {logging_mixin.py:151} INFO - Hong-Kong
[2023-11-04T01:14:16.091+0000] {logging_mixin.py:151} INFO - Budapest
[2023-11-04T01:14:18.166+0000] {logging_mixin.py:151} INFO - Reykjavik
[2023-11-04T01:14:19.473+0000] {logging_mixin.py:151} INFO - Tel-Aviv
[2023-11-04T01:14:21.017+0000] {logging_mixin.py:151} INFO - Jerusalem
[2023-11-04T01:14:22.737+0000] {logging_mixin.py:151} INFO - Tokyo
[2023-11-04T01:14:24.357+0000] {logging_mixin.py:151} INFO - Osaka
[2023-11-04T01:14:25.786+0000] {logging_mixin.py:151} INFO - Sapporo
[2023-11-04T01:14:27.141+0000] {logging_mixin.py:151} INFO - Yokohama
[2023-11-04T01:14:28.479+0000] {logging_mixin.py:151} INFO - Nagoya
[2023-11-04T01:14:29.777+0000] {logging_mixin.py:151} INFO - Kobe
[2023-11-04T01:14:31.103+0000] {logging_mixin.py:151} INFO - Fukuoka
[2023-11-04T01:14:32.405+0000] {logging_mixin.py:151} INFO - Kawasaki
[2023-11-04T01:14:33.759+0000] {logging_mixin.py:151} INFO - Seoul
[2023-11-04T01:14:35.670+0000] {logging_mixin.py:151} INFO - Busan
[2023-11-04T01:14:37.151+0000] {logging_mixin.py:151} INFO - Incheon
[2023-11-04T01:14:38.442+0000] {logging_mixin.py:151} INFO - Daegu
[2023-11-04T01:14:39.690+0000] {logging_mixin.py:151} INFO - Kuwait-City
[2023-11-04T01:14:41.274+0000] {logging_mixin.py:151} INFO - Macau
[2023-11-04T01:14:42.542+0000] {logging_mixin.py:151} INFO - Kuala-Lumpur
[2023-11-04T01:14:44.061+0000] {logging_mixin.py:151} INFO - Johor-Bahru
[2023-11-04T01:14:45.569+0000] {logging_mixin.py:151} INFO - George-Town
[2023-11-04T01:14:46.871+0000] {logging_mixin.py:151} INFO - Malacca
[2023-11-04T01:14:48.204+0000] {logging_mixin.py:151} INFO - Kota-Kinabalu
[2023-11-04T01:14:49.747+0000] {logging_mixin.py:151} INFO - Ipoh
[2023-11-04T01:14:51.205+0000] {logging_mixin.py:151} INFO - Mexico-City
[2023-11-04T01:14:52.800+0000] {logging_mixin.py:151} INFO - Tijuana
[2023-11-04T01:14:54.425+0000] {logging_mixin.py:151} INFO - Guadalajara
[2023-11-04T01:14:55.790+0000] {logging_mixin.py:151} INFO - Cancun
[2023-11-04T01:14:57.230+0000] {logging_mixin.py:151} INFO - Playa-Del-Carmen
[2023-11-04T01:14:58.990+0000] {logging_mixin.py:151} INFO - Monterrey
[2023-11-04T01:15:00.385+0000] {logging_mixin.py:151} INFO - Auckland
[2023-11-04T01:15:02.020+0000] {logging_mixin.py:151} INFO - Wellington
[2023-11-04T01:15:03.510+0000] {logging_mixin.py:151} INFO - Christchurch
[2023-11-04T01:15:05.113+0000] {logging_mixin.py:151} INFO - Hamilton
[2023-11-04T01:15:06.422+0000] {logging_mixin.py:151} INFO - Oslo
[2023-11-04T01:15:07.994+0000] {logging_mixin.py:151} INFO - Bergen
[2023-11-04T01:15:09.339+0000] {logging_mixin.py:151} INFO - Trondheim
[2023-11-04T01:15:10.641+0000] {logging_mixin.py:151} INFO - Stavanger
[2023-11-04T01:15:11.972+0000] {logging_mixin.py:151} INFO - Tromso
[2023-11-04T01:15:13.519+0000] {logging_mixin.py:151} INFO - Muscat
[2023-11-04T01:15:15.103+0000] {logging_mixin.py:151} INFO - Warsaw
[2023-11-04T01:15:17.035+0000] {logging_mixin.py:151} INFO - Krakow
[2023-11-04T01:15:18.733+0000] {logging_mixin.py:151} INFO - Gdansk
[2023-11-04T01:15:20.572+0000] {logging_mixin.py:151} INFO - Lodz
[2023-11-04T01:15:21.901+0000] {logging_mixin.py:151} INFO - Katowice
[2023-11-04T01:15:23.528+0000] {logging_mixin.py:151} INFO - Wroclaw
[2023-11-04T01:15:25.186+0000] {logging_mixin.py:151} INFO - Poznan
[2023-11-04T01:15:26.836+0000] {logging_mixin.py:151} INFO - Szczecin
[2023-11-04T01:15:28.221+0000] {logging_mixin.py:151} INFO - Bydgoszcz
[2023-11-04T01:15:29.540+0000] {logging_mixin.py:151} INFO - Doha
[2023-11-04T01:15:31.711+0000] {logging_mixin.py:151} INFO - Bucharest
[2023-11-04T01:15:33.380+0000] {logging_mixin.py:151} INFO - Moscow
[2023-11-04T01:15:35.366+0000] {logging_mixin.py:151} INFO - Kazan
[2023-11-04T01:15:36.917+0000] {logging_mixin.py:151} INFO - Yekaterinburg
[2023-11-04T01:15:38.283+0000] {logging_mixin.py:151} INFO - Sochi
[2023-11-04T01:15:39.862+0000] {logging_mixin.py:151} INFO - Vladivostok
[2023-11-04T01:15:41.713+0000] {logging_mixin.py:151} INFO - Riyadh
[2023-11-04T01:15:43.365+0000] {logging_mixin.py:151} INFO - Jeddah
[2023-11-04T01:15:44.723+0000] {logging_mixin.py:151} INFO - Mecca
[2023-11-04T01:15:46.165+0000] {logging_mixin.py:151} INFO - Belgrade
[2023-11-04T01:15:47.828+0000] {logging_mixin.py:151} INFO - Novi-Sad
[2023-11-04T01:15:49.341+0000] {logging_mixin.py:151} INFO - Singapore
[2023-11-04T01:15:50.961+0000] {logging_mixin.py:151} INFO - Stockholm
[2023-11-04T01:15:52.696+0000] {logging_mixin.py:151} INFO - Malmo
[2023-11-04T01:15:54.056+0000] {logging_mixin.py:151} INFO - Gothenburg
[2023-11-04T01:15:55.655+0000] {logging_mixin.py:151} INFO - Uppsala
[2023-11-04T01:15:57.317+0000] {logging_mixin.py:151} INFO - Taipei
[2023-11-04T01:15:58.943+0000] {logging_mixin.py:151} INFO - Kaohsiung
[2023-11-04T01:16:00.506+0000] {logging_mixin.py:151} INFO - Tainan
[2023-11-04T01:16:01.822+0000] {logging_mixin.py:151} INFO - Taoyuan
[2023-11-04T01:16:03.163+0000] {logging_mixin.py:151} INFO - Bangkok
[2023-11-04T01:16:04.825+0000] {logging_mixin.py:151} INFO - Chiang-Mai
[2023-11-04T01:16:06.506+0000] {logging_mixin.py:151} INFO - Phuket
[2023-11-04T01:16:08.182+0000] {logging_mixin.py:151} INFO - Pattaya
[2023-11-04T01:16:09.823+0000] {logging_mixin.py:151} INFO - Istanbul
[2023-11-04T01:16:11.773+0000] {logging_mixin.py:151} INFO - Ankara
[2023-11-04T01:16:13.561+0000] {logging_mixin.py:151} INFO - Antalya
[2023-11-04T01:16:15.253+0000] {logging_mixin.py:151} INFO - Izmir
[2023-11-04T01:16:16.863+0000] {logging_mixin.py:151} INFO - Bursa
[2023-11-04T01:16:18.607+0000] {logging_mixin.py:151} INFO - Kyiv
[2023-11-04T01:16:20.257+0000] {logging_mixin.py:151} INFO - Kharkiv
[2023-11-04T01:16:21.575+0000] {logging_mixin.py:151} INFO - Lviv
[2023-11-04T01:16:22.925+0000] {logging_mixin.py:151} INFO - Donetsk
[2023-11-04T01:16:24.152+0000] {logging_mixin.py:151} INFO - London
[2023-11-04T01:16:25.836+0000] {logging_mixin.py:151} INFO - Birmingham
[2023-11-04T01:16:27.643+0000] {logging_mixin.py:151} INFO - Manchester
[2023-11-04T01:16:29.318+0000] {logging_mixin.py:151} INFO - Edinburgh
[2023-11-04T01:16:30.863+0000] {logging_mixin.py:151} INFO - Glasgow
[2023-11-04T01:16:32.561+0000] {logging_mixin.py:151} INFO - Liverpool
[2023-11-04T01:16:34.158+0000] {logging_mixin.py:151} INFO - Cardiff
[2023-11-04T01:16:35.783+0000] {logging_mixin.py:151} INFO - Sheffield
[2023-11-04T01:16:37.124+0000] {logging_mixin.py:151} INFO - Leeds
[2023-11-04T01:16:38.798+0000] {logging_mixin.py:151} INFO - Leicester
[2023-11-04T01:16:40.454+0000] {logging_mixin.py:151} INFO - Belfast
[2023-11-04T01:16:42.223+0000] {logging_mixin.py:151} INFO - Newcastle-Upon-Tyne
[2023-11-04T01:16:43.724+0000] {logging_mixin.py:151} INFO - Montevideo
[2023-11-04T01:16:45.560+0000] {logging_mixin.py:151} INFO - New-York-City
[2023-11-04T01:16:47.204+0000] {logging_mixin.py:151} INFO - Los-Angeles
[2023-11-04T01:16:48.836+0000] {logging_mixin.py:151} INFO - Chicago
[2023-11-04T01:16:50.461+0000] {logging_mixin.py:151} INFO - Houston
[2023-11-04T01:16:52.084+0000] {logging_mixin.py:151} INFO - Phoenix
[2023-11-04T01:16:53.721+0000] {logging_mixin.py:151} INFO - Dallas
[2023-11-04T01:16:55.491+0000] {logging_mixin.py:151} INFO - Philadelphia
[2023-11-04T01:16:57.089+0000] {logging_mixin.py:151} INFO - San-Antonio
[2023-11-04T01:16:58.734+0000] {logging_mixin.py:151} INFO - San-Diego
[2023-11-04T01:17:00.431+0000] {logging_mixin.py:151} INFO - Dallas
[2023-11-04T01:17:02.112+0000] {logging_mixin.py:151} INFO - San-Jose
[2023-11-04T01:17:03.763+0000] {logging_mixin.py:151} INFO - Austin
[2023-11-04T01:17:05.425+0000] {logging_mixin.py:151} INFO - Jacksonville
[2023-11-04T01:17:07.098+0000] {logging_mixin.py:151} INFO - Miami
[2023-11-04T01:17:08.513+0000] {logging_mixin.py:151} INFO - Columbus
[2023-11-04T01:17:09.982+0000] {logging_mixin.py:151} INFO - Indianapolis
[2023-11-04T01:17:11.939+0000] {logging_mixin.py:151} INFO - Charlotte
[2023-11-04T01:17:13.583+0000] {logging_mixin.py:151} INFO - San-Francisco
[2023-11-04T01:17:15.249+0000] {logging_mixin.py:151} INFO - Seattle
[2023-11-04T01:17:16.881+0000] {logging_mixin.py:151} INFO - Denver
[2023-11-04T01:17:18.458+0000] {logging_mixin.py:151} INFO - Washington
[2023-11-04T01:17:20.731+0000] {logging_mixin.py:151} INFO - Nashville
[2023-11-04T01:17:21.976+0000] {logging_mixin.py:151} INFO - Boston
[2023-11-04T01:17:23.340+0000] {logging_mixin.py:151} INFO - Portland
[2023-11-04T01:17:24.674+0000] {logging_mixin.py:151} INFO - Las-Vegas
[2023-11-04T01:17:26.684+0000] {logging_mixin.py:151} INFO - Detroit
[2023-11-04T01:17:28.093+0000] {logging_mixin.py:151} INFO - Memphis
[2023-11-04T01:17:29.370+0000] {logging_mixin.py:151} INFO - Louisville
[2023-11-04T01:17:30.873+0000] {logging_mixin.py:151} INFO - Baltimore
[2023-11-04T01:17:32.427+0000] {logging_mixin.py:151} INFO - Milwaukee
[2023-11-04T01:17:33.746+0000] {logging_mixin.py:151} INFO - Kansas
[2023-11-04T01:17:35.330+0000] {logging_mixin.py:151} INFO - Albuquerque
[2023-11-04T01:17:36.975+0000] {logging_mixin.py:151} INFO - Sacramento
[2023-11-04T01:17:38.611+0000] {logging_mixin.py:151} INFO - Atlanta
[2023-11-04T01:17:40.505+0000] {logging_mixin.py:151} INFO - Omaha
[2023-11-04T01:17:42.174+0000] {logging_mixin.py:151} INFO - Virginia-Beach
[2023-11-04T01:17:43.531+0000] {logging_mixin.py:151} INFO - Minneapolis
[2023-11-04T01:17:45.075+0000] {logging_mixin.py:151} INFO - Quito
[2023-11-04T01:17:46.694+0000] {logging_mixin.py:151} INFO - Guayaquil
[2023-11-04T01:17:48.232+0000] {logging_mixin.py:151} INFO - Asuncion
[2023-11-04T01:17:49.635+0000] {logging_mixin.py:151} INFO - Panama-City
[2023-11-04T01:17:51.178+0000] {logging_mixin.py:151} INFO - Buenos-Aires
[2023-11-04T01:17:52.829+0000] {logging_mixin.py:151} INFO - Cordoba
[2023-11-04T01:17:54.362+0000] {logging_mixin.py:151} INFO - Mar-Del-Plata
[2023-11-04T01:17:55.696+0000] {logging_mixin.py:151} INFO - Rosario
[2023-11-04T01:18:00.316+0000] {python.py:194} INFO - Done. Returned value was: None
[2023-11-04T01:18:00.330+0000] {taskinstance.py:1400} INFO - Marking task as SUCCESS. dag_id=col_api_etl, task_id=extract_numbeo_prices_from_city, execution_date=20231104T011017, start_date=20231104T011032, end_date=20231104T011800
[2023-11-04T01:18:00.394+0000] {local_task_job_runner.py:228} INFO - Task exited with return code 0
